  Model.cpp
c:\users\cgi05\desktop\p9\p9\model.cpp(15): warning C4477: 'printf' : la cadena de formato '%s' requiere un argumento de tipo 'char *', pero el argumento variádico 1 tiene el tipo 'const std::string'
c:\users\cgi05\desktop\p9\p9\model.cpp(15): warning C4474: "printf": se pasaron demasiados argumentos para la cadena de formato
  c:\users\cgi05\desktop\p9\p9\model.cpp(15): note: los marcadores de posición y sus parámetros esperan 1 argumentos variádicos, pero se proporcionaron 2
c:\users\cgi05\desktop\p9\p9\model.cpp(50): warning C4804: '<': uso no seguro del tipo 'bool' en la operación
c:\users\cgi05\desktop\p9\p9\model.cpp(50): warning C4018: '<': no coinciden signed/unsigned
c:\users\cgi05\desktop\p9\p9\model.cpp(132): warning C4477: 'printf' : la cadena de formato '%s' requiere un argumento de tipo 'char *', pero el argumento variádico 1 tiene el tipo 'std::string'
  practica9_alumno.cpp
c:\users\cgi05\desktop\p9\p9\window.h(12): warning C4244: 'return': conversión de 'GLint' a 'GLfloat'; posible pérdida de datos
c:\users\cgi05\desktop\p9\p9\window.h(13): warning C4244: 'return': conversión de 'GLint' a 'GLfloat'; posible pérdida de datos
c:\users\cgi05\desktop\p9\p9\practica9_alumno.cpp(281): warning C4244: 'inicializando': conversión de 'double' a 'GLfloat'; posible pérdida de datos
  Generando código...
LINK : warning LNK4098: la biblioteca predeterminada'MSVCRT' entra en conflicto con otras bibliotecas; use la biblioteca /NODEFAULTLIB:biblioteca
Model.obj : error LNK2019: símbolo externo "public: bool __thiscall Texture::LoadTexture(void)" (?LoadTexture@Texture@@QAE_NXZ) sin resolver al que se hace referencia en la función "private: void __thiscall Model::LoadMaterials(struct aiScene const *)" (?LoadMaterials@Model@@AAEXPBUaiScene@@@Z)
Model.obj : error LNK2019: símbolo externo "public: bool __thiscall Texture::LoadTextureA(void)" (?LoadTextureA@Texture@@QAE_NXZ) sin resolver al que se hace referencia en la función "private: void __thiscall Model::LoadMaterials(struct aiScene const *)" (?LoadMaterials@Model@@AAEXPBUaiScene@@@Z)
practica9_alumno.obj : error LNK2001: símbolo externo "public: bool __thiscall Texture::LoadTextureA(void)" (?LoadTextureA@Texture@@QAE_NXZ) sin resolver
Window.obj : error LNK2001: símbolo externo "float x" (?x@@3MA) sin resolver
Window.obj : error LNK2001: símbolo externo "float y" (?y@@3MA) sin resolver
Window.obj : error LNK2001: símbolo externo "float z" (?z@@3MA) sin resolver
Window.obj : error LNK2001: símbolo externo "float x_1" (?x_1@@3MA) sin resolver
Window.obj : error LNK2001: símbolo externo "float y_1" (?y_1@@3MA) sin resolver
Window.obj : error LNK2001: símbolo externo "float z_1" (?z_1@@3MA) sin resolver
C:\Users\CGI05\Desktop\P9\Debug\P9.exe : fatal error LNK1120: 8 externos sin resolver
