c:\users\joseg\desktop\proyecto7_19_03_19\proyecto6_12_03_19\practica6\practica6\debug\vc141.pdb
c:\users\joseg\desktop\proyecto7_19_03_19\proyecto6_12_03_19\practica6\practica6\debug\vc141.idb
c:\users\joseg\desktop\proyecto7_19_03_19\proyecto6_12_03_19\practica6\practica6\debug\window.obj
c:\users\joseg\desktop\proyecto7_19_03_19\proyecto6_12_03_19\practica6\practica6\debug\texture.obj
c:\users\joseg\desktop\proyecto7_19_03_19\proyecto6_12_03_19\practica6\practica6\debug\sphere.obj
c:\users\joseg\desktop\proyecto7_19_03_19\proyecto6_12_03_19\practica6\practica6\debug\shader.obj
c:\users\joseg\desktop\proyecto7_19_03_19\proyecto6_12_03_19\practica6\practica6\debug\practica7_alumno.obj
c:\users\joseg\desktop\proyecto7_19_03_19\proyecto6_12_03_19\practica6\practica6\debug\mesh_texturizado.obj
c:\users\joseg\desktop\proyecto7_19_03_19\proyecto6_12_03_19\practica6\practica6\debug\camera.obj
c:\users\joseg\desktop\proyecto7_19_03_19\proyecto6_12_03_19\practica6\debug\practica7.exe
c:\users\joseg\desktop\proyecto7_19_03_19\proyecto6_12_03_19\practica6\debug\practica7.ilk
c:\users\joseg\desktop\proyecto7_19_03_19\proyecto6_12_03_19\practica6\debug\practica7.pdb
c:\users\cgi05\desktop\proyecto7_19_03_19\proyecto6_12_03_19\practica6\practica6\debug\camera.obj
c:\users\cgi05\desktop\proyecto7_19_03_19\proyecto6_12_03_19\practica6\practica6\debug\mesh.obj
c:\users\cgi05\desktop\proyecto7_19_03_19\proyecto6_12_03_19\practica6\practica6\debug\mesh_texturizado.obj
c:\users\cgi05\desktop\proyecto7_19_03_19\proyecto6_12_03_19\practica6\practica6\debug\practica6.obj
c:\users\cgi05\desktop\proyecto7_19_03_19\proyecto6_12_03_19\practica6\practica6\debug\practica7_alumno.obj
c:\users\cgi05\desktop\proyecto7_19_03_19\proyecto6_12_03_19\practica6\practica6\debug\shader.obj
c:\users\cgi05\desktop\proyecto7_19_03_19\proyecto6_12_03_19\practica6\practica6\debug\sphere.obj
c:\users\cgi05\desktop\proyecto7_19_03_19\proyecto6_12_03_19\practica6\practica6\debug\texture.obj
c:\users\cgi05\desktop\proyecto7_19_03_19\proyecto6_12_03_19\practica6\practica6\debug\window.obj
c:\users\cgi05\desktop\proyecto7_19_03_19\proyecto6_12_03_19\practica6\practica6\debug\vc141.idb
c:\users\cgi05\desktop\proyecto7_19_03_19\proyecto6_12_03_19\practica6\practica6\debug\vc141.pdb
c:\users\cgi05\desktop\proyecto7_19_03_19\proyecto6_12_03_19\practica6\debug\practica7.pdb
c:\users\cgi05\desktop\proyecto7_19_03_19\proyecto6_12_03_19\practica6\debug\practica7.exe
c:\users\cgi05\desktop\proyecto7_19_03_19\proyecto6_12_03_19\practica6\debug\practica7.ilk
c:\users\cgi05\desktop\proyecto7_19_03_19\proyecto6_12_03_19\practica6\practica6\debug\practica7.tlog\cl.command.1.tlog
c:\users\cgi05\desktop\proyecto7_19_03_19\proyecto6_12_03_19\practica6\practica6\debug\practica7.tlog\cl.read.1.tlog
c:\users\cgi05\desktop\proyecto7_19_03_19\proyecto6_12_03_19\practica6\practica6\debug\practica7.tlog\cl.write.1.tlog
c:\users\cgi05\desktop\proyecto7_19_03_19\proyecto6_12_03_19\practica6\practica6\debug\practica7.tlog\link.command.1.tlog
c:\users\cgi05\desktop\proyecto7_19_03_19\proyecto6_12_03_19\practica6\practica6\debug\practica7.tlog\link.read.1.tlog
c:\users\cgi05\desktop\proyecto7_19_03_19\proyecto6_12_03_19\practica6\practica6\debug\practica7.tlog\link.write.1.tlog
