c:\users\l.j.mier\documents\visual studio 2017\projects\practica 9 model importing - auto en movimiento\p9\release\vc141.pdb
c:\users\l.j.mier\documents\visual studio 2017\projects\practica 9 model importing - auto en movimiento\p9\release\window.obj
c:\users\l.j.mier\documents\visual studio 2017\projects\practica 9 model importing - auto en movimiento\p9\release\texture.obj
c:\users\l.j.mier\documents\visual studio 2017\projects\practica 9 model importing - auto en movimiento\p9\release\shader_light.obj
c:\users\l.j.mier\documents\visual studio 2017\projects\practica 9 model importing - auto en movimiento\p9\release\practica9_alumno.obj
c:\users\l.j.mier\documents\visual studio 2017\projects\practica 9 model importing - auto en movimiento\p9\release\pointlight.obj
c:\users\l.j.mier\documents\visual studio 2017\projects\practica 9 model importing - auto en movimiento\p9\release\model.obj
c:\users\l.j.mier\documents\visual studio 2017\projects\practica 9 model importing - auto en movimiento\p9\release\mesh_tn.obj
c:\users\l.j.mier\documents\visual studio 2017\projects\practica 9 model importing - auto en movimiento\p9\release\material.obj
c:\users\l.j.mier\documents\visual studio 2017\projects\practica 9 model importing - auto en movimiento\p9\release\light.obj
c:\users\l.j.mier\documents\visual studio 2017\projects\practica 9 model importing - auto en movimiento\p9\release\directionallight.obj
c:\users\l.j.mier\documents\visual studio 2017\projects\practica 9 model importing - auto en movimiento\p9\release\camera.obj
c:\users\l.j.mier\documents\visual studio 2017\projects\practica 9 model importing - auto en movimiento\release\p9.exe
c:\users\l.j.mier\documents\visual studio 2017\projects\practica 9 model importing - auto en movimiento\release\p9.pdb
c:\users\l.j.mier\documents\visual studio 2017\projects\practica 9 model importing - auto en movimiento\release\p9.ipdb
c:\users\l.j.mier\documents\visual studio 2017\projects\practica 9 model importing - auto en movimiento\release\p9.iobj
c:\users\l.j.mier\documents\visual studio 2017\projects\practica 9 model importing - auto en movimiento\p9\release\p9.tlog\cl.command.1.tlog
c:\users\l.j.mier\documents\visual studio 2017\projects\practica 9 model importing - auto en movimiento\p9\release\p9.tlog\cl.read.1.tlog
c:\users\l.j.mier\documents\visual studio 2017\projects\practica 9 model importing - auto en movimiento\p9\release\p9.tlog\cl.write.1.tlog
c:\users\l.j.mier\documents\visual studio 2017\projects\practica 9 model importing - auto en movimiento\p9\release\p9.tlog\link.command.1.tlog
c:\users\l.j.mier\documents\visual studio 2017\projects\practica 9 model importing - auto en movimiento\p9\release\p9.tlog\link.read.1.tlog
c:\users\l.j.mier\documents\visual studio 2017\projects\practica 9 model importing - auto en movimiento\p9\release\p9.tlog\link.write.1.tlog
c:\users\l.j.mier\documents\visual studio 2017\projects\practica 9 model importing - auto en movimiento\p9\release\p9.tlog\p9.write.1u.tlog
